<?xml version="1.0" encoding="UTF-8"?>
<robot generator="Robot 3.1.1 (Python 3.6.6 on win32)" generated="20190219 13:52:50.830" rpa="false">
<suite id="s1" name="solarman">
<test id="s1-t1" name="setup">
<kw name="Open Browser" library="SeleniumLibrary">
<doc>Opens a new browser instance to the given ``url``.</doc>
<arguments>
<arg>http://10.42.3.10/login</arg>
<arg>chrome</arg>
</arguments>
<msg timestamp="20190219 13:52:51.427" level="INFO">Opening browser 'chrome' to base url 'http://10.42.3.10/login'.</msg>
<status status="PASS" starttime="20190219 13:52:51.426" endtime="20190219 13:52:58.749"></status>
</kw>
<status status="PASS" starttime="20190219 13:52:51.423" endtime="20190219 13:52:58.750" critical="no"></status>
</test>
<test id="s1-t2" name="登录">
<kw name="Wait Until Page Contains Element" library="SeleniumLibrary">
<doc>Waits until element ``locator`` appears on current page.</doc>
<arguments>
<arg>name=username</arg>
</arguments>
<status status="PASS" starttime="20190219 13:52:58.764" endtime="20190219 13:52:58.803"></status>
</kw>
<kw name="Input Text" library="SeleniumLibrary">
<doc>Types the given ``text`` into text field identified by ``locator``.</doc>
<arguments>
<arg>name=username</arg>
</arguments>
<msg timestamp="20190219 13:52:58.806" level="INFO">Typing text '' into text field 'name=username'.</msg>
<status status="PASS" starttime="20190219 13:52:58.804" endtime="20190219 13:52:58.931"></status>
</kw>
<kw name="Wait Until Page Contains Element" library="SeleniumLibrary">
<doc>Waits until element ``locator`` appears on current page.</doc>
<arguments>
<arg>name=password</arg>
</arguments>
<status status="PASS" starttime="20190219 13:52:58.932" endtime="20190219 13:52:58.958"></status>
</kw>
<kw name="Input Password" library="SeleniumLibrary">
<doc>Types the given password into text field identified by ``locator``.</doc>
<arguments>
<arg>name=password</arg>
<arg>123456</arg>
</arguments>
<msg timestamp="20190219 13:52:58.959" level="INFO">Typing password into text field 'name=password'.</msg>
<status status="PASS" starttime="20190219 13:52:58.959" endtime="20190219 13:52:59.161"></status>
</kw>
<kw name="Wait Until Page Contains Element" library="SeleniumLibrary">
<doc>Waits until element ``locator`` appears on current page.</doc>
<arguments>
<arg>id=login</arg>
</arguments>
<status status="PASS" starttime="20190219 13:52:59.161" endtime="20190219 13:52:59.193"></status>
</kw>
<kw name="Click Element" library="SeleniumLibrary">
<doc>Click element identified by ``locator``.</doc>
<arguments>
<arg>id=login</arg>
</arguments>
<msg timestamp="20190219 13:52:59.194" level="INFO">Clicking element 'id=login'.</msg>
<status status="PASS" starttime="20190219 13:52:59.193" endtime="20190219 13:52:59.312"></status>
</kw>
<kw name="Sleep" library="BuiltIn">
<doc>Pauses the test executed for the given time.</doc>
<arguments>
<arg>3</arg>
</arguments>
<msg timestamp="20190219 13:53:02.316" level="INFO">Slept 3 seconds</msg>
<status status="PASS" starttime="20190219 13:52:59.313" endtime="20190219 13:53:02.316"></status>
</kw>
<kw name="Log To Console" library="BuiltIn">
<doc>Logs the given message to the console.</doc>
<arguments>
<arg>${count}</arg>
</arguments>
<status status="PASS" starttime="20190219 13:53:02.317" endtime="20190219 13:53:02.318"></status>
</kw>
<kw name="Get Element Count" library="SeleniumLibrary">
<doc>Returns number of elements matching ``locator``.</doc>
<arguments>
<arg>xpath=//div[@id='alert' and @status='true']</arg>
</arguments>
<assign>
<var>${count}</var>
</assign>
<msg timestamp="20190219 13:53:02.345" level="INFO">${count} = 0</msg>
<status status="PASS" starttime="20190219 13:53:02.319" endtime="20190219 13:53:02.345"></status>
</kw>
<kw name="Log To Console" library="BuiltIn">
<doc>Logs the given message to the console.</doc>
<arguments>
<arg>${count}</arg>
</arguments>
<status status="PASS" starttime="20190219 13:53:02.346" endtime="20190219 13:53:02.347"></status>
</kw>
<kw name="Wait Until Page Contains Element" library="SeleniumLibrary">
<doc>Waits until element ``locator`` appears on current page.</doc>
<arguments>
<arg>name=username</arg>
</arguments>
<status status="PASS" starttime="20190219 13:53:02.348" endtime="20190219 13:53:02.365"></status>
</kw>
<kw name="Input Text" library="SeleniumLibrary">
<doc>Types the given ``text`` into text field identified by ``locator``.</doc>
<arguments>
<arg>name=username</arg>
<arg>9~!@#$%^&amp;*()_+0</arg>
</arguments>
<msg timestamp="20190219 13:53:02.366" level="INFO">Typing text '9~!@#$%^&amp;*()_+0' into text field 'name=username'.</msg>
<status status="PASS" starttime="20190219 13:53:02.365" endtime="20190219 13:53:02.674"></status>
</kw>
<kw name="Wait Until Page Contains Element" library="SeleniumLibrary">
<doc>Waits until element ``locator`` appears on current page.</doc>
<arguments>
<arg>name=password</arg>
</arguments>
<status status="PASS" starttime="20190219 13:53:02.675" endtime="20190219 13:53:02.695"></status>
</kw>
<kw name="Input Password" library="SeleniumLibrary">
<doc>Types the given password into text field identified by ``locator``.</doc>
<arguments>
<arg>name=password</arg>
<arg>9~!@#$%^&amp;*()_+0</arg>
</arguments>
<msg timestamp="20190219 13:53:02.697" level="INFO">Typing password into text field 'name=password'.</msg>
<status status="PASS" starttime="20190219 13:53:02.696" endtime="20190219 13:53:03.001"></status>
</kw>
<kw name="Wait Until Page Contains Element" library="SeleniumLibrary">
<doc>Waits until element ``locator`` appears on current page.</doc>
<arguments>
<arg>id=login</arg>
</arguments>
<status status="PASS" starttime="20190219 13:53:03.001" endtime="20190219 13:53:03.021"></status>
</kw>
<kw name="Click Element" library="SeleniumLibrary">
<doc>Click element identified by ``locator``.</doc>
<arguments>
<arg>id=login</arg>
</arguments>
<msg timestamp="20190219 13:53:03.023" level="INFO">Clicking element 'id=login'.</msg>
<status status="PASS" starttime="20190219 13:53:03.022" endtime="20190219 13:53:03.114"></status>
</kw>
<kw name="Sleep" library="BuiltIn">
<doc>Pauses the test executed for the given time.</doc>
<arguments>
<arg>3</arg>
</arguments>
<msg timestamp="20190219 13:53:06.117" level="INFO">Slept 3 seconds</msg>
<status status="PASS" starttime="20190219 13:53:03.115" endtime="20190219 13:53:06.118"></status>
</kw>
<kw name="Log To Console" library="BuiltIn">
<doc>Logs the given message to the console.</doc>
<arguments>
<arg>${count}</arg>
</arguments>
<status status="PASS" starttime="20190219 13:53:06.119" endtime="20190219 13:53:06.120"></status>
</kw>
<kw name="Get Element Count" library="SeleniumLibrary">
<doc>Returns number of elements matching ``locator``.</doc>
<arguments>
<arg>xpath=//div[@id='alert' and @status='true']</arg>
</arguments>
<assign>
<var>${count}</var>
</assign>
<msg timestamp="20190219 13:53:06.138" level="INFO">${count} = 0</msg>
<status status="PASS" starttime="20190219 13:53:06.121" endtime="20190219 13:53:06.139"></status>
</kw>
<kw name="Log To Console" library="BuiltIn">
<doc>Logs the given message to the console.</doc>
<arguments>
<arg>${count}</arg>
</arguments>
<status status="PASS" starttime="20190219 13:53:06.139" endtime="20190219 13:53:06.141"></status>
</kw>
<kw name="Wait Until Page Contains Element" library="SeleniumLibrary">
<doc>Waits until element ``locator`` appears on current page.</doc>
<arguments>
<arg>name=username</arg>
</arguments>
<status status="PASS" starttime="20190219 13:53:06.141" endtime="20190219 13:53:06.161"></status>
</kw>
<kw name="Input Text" library="SeleniumLibrary">
<doc>Types the given ``text`` into text field identified by ``locator``.</doc>
<arguments>
<arg>name=username</arg>
<arg>invalidUser@invalid.com</arg>
</arguments>
<msg timestamp="20190219 13:53:06.163" level="INFO">Typing text 'invalidUser@invalid.com' into text field 'name=username'.</msg>
<status status="PASS" starttime="20190219 13:53:06.162" endtime="20190219 13:53:06.602"></status>
</kw>
<kw name="Wait Until Page Contains Element" library="SeleniumLibrary">
<doc>Waits until element ``locator`` appears on current page.</doc>
<arguments>
<arg>name=password</arg>
</arguments>
<status status="PASS" starttime="20190219 13:53:06.602" endtime="20190219 13:53:06.618"></status>
</kw>
<kw name="Input Password" library="SeleniumLibrary">
<doc>Types the given password into text field identified by ``locator``.</doc>
<arguments>
<arg>name=password</arg>
</arguments>
<msg timestamp="20190219 13:53:06.619" level="INFO">Typing password into text field 'name=password'.</msg>
<status status="PASS" starttime="20190219 13:53:06.618" endtime="20190219 13:53:06.691"></status>
</kw>
<kw name="Wait Until Page Contains Element" library="SeleniumLibrary">
<doc>Waits until element ``locator`` appears on current page.</doc>
<arguments>
<arg>id=login</arg>
</arguments>
<status status="PASS" starttime="20190219 13:53:06.693" endtime="20190219 13:53:06.713"></status>
</kw>
<kw name="Click Element" library="SeleniumLibrary">
<doc>Click element identified by ``locator``.</doc>
<arguments>
<arg>id=login</arg>
</arguments>
<msg timestamp="20190219 13:53:06.715" level="INFO">Clicking element 'id=login'.</msg>
<status status="PASS" starttime="20190219 13:53:06.714" endtime="20190219 13:53:06.820"></status>
</kw>
<kw name="Sleep" library="BuiltIn">
<doc>Pauses the test executed for the given time.</doc>
<arguments>
<arg>3</arg>
</arguments>
<msg timestamp="20190219 13:53:09.822" level="INFO">Slept 3 seconds</msg>
<status status="PASS" starttime="20190219 13:53:06.820" endtime="20190219 13:53:09.822"></status>
</kw>
<kw name="Log To Console" library="BuiltIn">
<doc>Logs the given message to the console.</doc>
<arguments>
<arg>${count}</arg>
</arguments>
<status status="PASS" starttime="20190219 13:53:09.823" endtime="20190219 13:53:09.826"></status>
</kw>
<kw name="Get Element Count" library="SeleniumLibrary">
<doc>Returns number of elements matching ``locator``.</doc>
<arguments>
<arg>xpath=//div[@id='alert' and @status='true']</arg>
</arguments>
<assign>
<var>${count}</var>
</assign>
<msg timestamp="20190219 13:53:09.852" level="INFO">${count} = 0</msg>
<status status="PASS" starttime="20190219 13:53:09.827" endtime="20190219 13:53:09.853"></status>
</kw>
<kw name="Log To Console" library="BuiltIn">
<doc>Logs the given message to the console.</doc>
<arguments>
<arg>${count}</arg>
</arguments>
<status status="PASS" starttime="20190219 13:53:09.853" endtime="20190219 13:53:09.854"></status>
</kw>
<kw name="Wait Until Page Contains Element" library="SeleniumLibrary">
<doc>Waits until element ``locator`` appears on current page.</doc>
<arguments>
<arg>name=username</arg>
</arguments>
<status status="PASS" starttime="20190219 13:53:09.855" endtime="20190219 13:53:09.885"></status>
</kw>
<kw name="Input Text" library="SeleniumLibrary">
<doc>Types the given ``text`` into text field identified by ``locator``.</doc>
<arguments>
<arg>name=username</arg>
<arg>18896723689</arg>
</arguments>
<msg timestamp="20190219 13:53:09.886" level="INFO">Typing text '18896723689' into text field 'name=username'.</msg>
<status status="PASS" starttime="20190219 13:53:09.886" endtime="20190219 13:53:10.165"></status>
</kw>
<kw name="Wait Until Page Contains Element" library="SeleniumLibrary">
<doc>Waits until element ``locator`` appears on current page.</doc>
<arguments>
<arg>name=password</arg>
</arguments>
<status status="PASS" starttime="20190219 13:53:10.165" endtime="20190219 13:53:10.191"></status>
</kw>
<kw name="Input Password" library="SeleniumLibrary">
<doc>Types the given password into text field identified by ``locator``.</doc>
<arguments>
<arg>name=password</arg>
<arg>123456</arg>
</arguments>
<msg timestamp="20190219 13:53:10.193" level="INFO">Typing password into text field 'name=password'.</msg>
<status status="PASS" starttime="20190219 13:53:10.192" endtime="20190219 13:53:10.370"></status>
</kw>
<kw name="Wait Until Page Contains Element" library="SeleniumLibrary">
<doc>Waits until element ``locator`` appears on current page.</doc>
<arguments>
<arg>id=login</arg>
</arguments>
<status status="PASS" starttime="20190219 13:53:10.371" endtime="20190219 13:53:10.393"></status>
</kw>
<kw name="Click Element" library="SeleniumLibrary">
<doc>Click element identified by ``locator``.</doc>
<arguments>
<arg>id=login</arg>
</arguments>
<msg timestamp="20190219 13:53:10.396" level="INFO">Clicking element 'id=login'.</msg>
<status status="PASS" starttime="20190219 13:53:10.394" endtime="20190219 13:53:10.506"></status>
</kw>
<kw name="Sleep" library="BuiltIn">
<doc>Pauses the test executed for the given time.</doc>
<arguments>
<arg>3</arg>
</arguments>
<msg timestamp="20190219 13:53:13.509" level="INFO">Slept 3 seconds</msg>
<status status="PASS" starttime="20190219 13:53:10.507" endtime="20190219 13:53:13.509"></status>
</kw>
<kw name="Log To Console" library="BuiltIn">
<doc>Logs the given message to the console.</doc>
<arguments>
<arg>${count}</arg>
</arguments>
<status status="PASS" starttime="20190219 13:53:13.510" endtime="20190219 13:53:13.511"></status>
</kw>
<kw name="Get Element Count" library="SeleniumLibrary">
<doc>Returns number of elements matching ``locator``.</doc>
<arguments>
<arg>xpath=//div[@id='alert' and @status='true']</arg>
</arguments>
<assign>
<var>${count}</var>
</assign>
<msg timestamp="20190219 13:53:13.576" level="INFO">${count} = 0</msg>
<status status="PASS" starttime="20190219 13:53:13.512" endtime="20190219 13:53:13.576"></status>
</kw>
<kw name="Log To Console" library="BuiltIn">
<doc>Logs the given message to the console.</doc>
<arguments>
<arg>${count}</arg>
</arguments>
<status status="PASS" starttime="20190219 13:53:13.576" endtime="20190219 13:53:13.577"></status>
</kw>
<tags>
<tag>high</tag>
<tag>smoking</tag>
</tags>
<status status="PASS" starttime="20190219 13:52:58.758" endtime="20190219 13:53:13.578" critical="no"></status>
</test>
<test id="s1-t3" name="teardown">
<kw name="Close All Browsers" library="SeleniumLibrary">
<doc>Closes all open browsers and resets the browser cache.</doc>
<status status="PASS" starttime="20190219 13:53:13.581" endtime="20190219 13:53:15.935"></status>
</kw>
<status status="PASS" starttime="20190219 13:53:13.580" endtime="20190219 13:53:15.936" critical="no"></status>
</test>
<status status="PASS" starttime="20190219 13:52:50.839" endtime="20190219 13:53:15.939"></status>
</suite>
<statistics>
<total>
<stat pass="0" fail="0">Critical Tests</stat>
<stat pass="3" fail="0">All Tests</stat>
</total>
<tag>
<stat pass="0" fail="0" info="critical">solarman</stat>
<stat pass="1" fail="0">high</stat>
<stat pass="1" fail="0">smoking</stat>
</tag>
<suite>
<stat pass="3" fail="0" id="s1" name="solarman">solarman</stat>
</suite>
</statistics>
<errors>
</errors>
</robot>
